<?xml version="1.0" encoding="utf-8"?><testsuites name="pytest tests"><testsuite name="pytest" errors="0" failures="1" skipped="0" tests="19" time="6.481" timestamp="2026-06-24T11:43:27.677844+00:00" hostname="agent-env-37d6e681-efa8-4629-8c0b-2fbf118ae402"><testcase classname="backend.tests.test_admin_cms_security" name="test_admin_unauth_returns_401[GET-/api/admin/blog]" time="0.287" /><testcase classname="backend.tests.test_admin_cms_security" name="test_admin_unauth_returns_401[POST-/api/admin/blog]" time="0.100" /><testcase classname="backend.tests.test_admin_cms_security" name="test_admin_unauth_returns_401[PUT-/api/admin/blog/nonexistent]" time="0.132" /><testcase classname="backend.tests.test_admin_cms_security" name="test_admin_unauth_returns_401[DELETE-/api/admin/blog/nonexistent]" time="0.143" /><testcase classname="backend.tests.test_admin_cms_security" name="test_admin_unauth_returns_401[GET-/api/admin/news]" time="0.100" /><testcase classname="backend.tests.test_admin_cms_security" name="test_admin_unauth_returns_401[POST-/api/admin/news]" time="0.102" /><testcase classname="backend.tests.test_admin_cms_security" name="test_admin_unauth_returns_401[PUT-/api/admin/news/nonexistent]" time="0.142" /><testcase classname="backend.tests.test_admin_cms_security" name="test_admin_unauth_returns_401[DELETE-/api/admin/news/nonexistent]" time="0.121" /><testcase classname="backend.tests.test_admin_cms_security" name="test_admin_unauth_returns_401[GET-/api/admin/jobs]" time="0.118" /><testcase classname="backend.tests.test_admin_cms_security" name="test_admin_unauth_returns_401[GET-/api/admin/apps]" time="0.110" /><testcase classname="backend.tests.test_admin_cms_security" name="test_admin_unauth_returns_401[GET-/api/admin/messages]" time="0.109" /><testcase classname="backend.tests.test_admin_cms_security" name="test_admin_unauth_returns_401[PUT-/api/admin/settings]" time="1.045" /><testcase classname="backend.tests.test_admin_cms_security" name="test_proxy_does_not_leak_cookies_between_calls" time="0.644" /><testcase classname="backend.tests.test_admin_cms_security.TestBlogCRUD" name="test_blog_crud_full_lifecycle" time="0.507" /><testcase classname="backend.tests.test_admin_cms_security.TestNewsCRUD" name="test_news_crud_full_lifecycle" time="0.302"><failure message="AssertionError: {&quot;ok&quot;:false,&quot;error&quot;:&quot;\nInvalid `prisma.newsArticle.create()` invocation:\n\n{\n  data: {\n    slug: \&quot;test-news-1782301411\&quot;,\n    titleFr: \&quot;TEST News FR\&quot;,\n    titleEn: \&quot;TEST News EN\&quot;,\n    bodyFr: \&quot;## FR body\&quot;,\n    bodyEn: \&quot;## EN body\&quot;,\n    coverImage: \&quot;https://example.com/cov.jpg\&quot;,\n    ~~~~~~~~~~\n    published: true,\n?   id?: String,\n?   image?: String,\n?   createdAt?: DateTime,\n?   updatedAt?: DateTime\n  }\n}\n\nUnknown argument `coverImage`. Available options are marked with ?.&quot;}&#10;assert 400 in (200, 201)&#10; +  where 400 = &lt;Response [400]&gt;.status_code">backend/tests/test_admin_cms_security.py:152: in test_news_crud_full_lifecycle
    assert r.status_code in (200, 201), r.text
E   AssertionError: {"ok":false,"error":"\nInvalid `prisma.newsArticle.create()` invocation:\n\n{\n  data: {\n    slug: \"test-news-1782301411\",\n    titleFr: \"TEST News FR\",\n    titleEn: \"TEST News EN\",\n    bodyFr: \"## FR body\",\n    bodyEn: \"## EN body\",\n    coverImage: \"https://example.com/cov.jpg\",\n    ~~~~~~~~~~\n    published: true,\n?   id?: String,\n?   image?: String,\n?   createdAt?: DateTime,\n?   updatedAt?: DateTime\n  }\n}\n\nUnknown argument `coverImage`. Available options are marked with ?."}
E   assert 400 in (200, 201)
E    +  where 400 = &lt;Response [400]&gt;.status_code</failure></testcase><testcase classname="backend.tests.test_admin_cms_security" name="test_public_pages_load[/]" time="0.248" /><testcase classname="backend.tests.test_admin_cms_security" name="test_public_pages_load[/about-us]" time="1.203" /><testcase classname="backend.tests.test_admin_cms_security" name="test_public_pages_load[/services]" time="0.182" /><testcase classname="backend.tests.test_admin_cms_security" name="test_public_pages_load[/careers]" time="0.678" /></testsuite></testsuites>