<?xml version="1.0" encoding="utf-8"?><testsuites name="pytest tests"><testsuite name="pytest" errors="0" failures="0" skipped="3" tests="15" time="1.462" timestamp="2026-06-23T08:41:19.710352+00:00" hostname="agent-env-37d6e681-efa8-4629-8c0b-2fbf118ae402"><testcase classname="backend.tests.baked_api_test.TestContact" name="test_contact_valid" time="0.126" /><testcase classname="backend.tests.baked_api_test.TestContact" name="test_contact_invalid_missing_email" time="0.016" /><testcase classname="backend.tests.baked_api_test.TestCareers" name="test_list_careers" time="0.016" /><testcase classname="backend.tests.baked_api_test.TestCareers" name="test_apply_to_job" time="0.042" /><testcase classname="backend.tests.baked_api_test.TestAuth" name="test_login_wrong_password" time="0.112" /><testcase classname="backend.tests.baked_api_test.TestAuth" name="test_login_success_sets_cookie" time="0.104" /><testcase classname="backend.tests.baked_api_test.TestAuth" name="test_logout_clears_cookie" time="0.102" /><testcase classname="backend.tests.baked_api_test.TestAdminProtected" name="test_apps_put_unauth" time="0.026" /><testcase classname="backend.tests.baked_api_test.TestAdminProtected" name="test_settings_put_unauth" time="0.011" /><testcase classname="backend.tests.baked_api_test.TestAdminProtected" name="test_admin_redirects_without_auth" time="0.152" /><testcase classname="backend.tests.baked_api_test.TestAdminAuthorized" name="test_get_apps" time="0.213"><skipped type="pytest.skip" message="admin apps list endpoint not exposed via GET">/app/backend/tests/baked_api_test.py:125: admin apps list endpoint not exposed via GET</skipped></testcase><testcase classname="backend.tests.baked_api_test.TestAdminAuthorized" name="test_update_app_express" time="0.087"><skipped type="pytest.skip" message="cannot retrieve app list to test update">/app/backend/tests/baked_api_test.py:133: cannot retrieve app list to test update</skipped></testcase><testcase classname="backend.tests.baked_api_test.TestAdminAuthorized" name="test_update_settings" time="0.034" /><testcase classname="backend.tests.baked_api_test.TestAdminAuthorized" name="test_admin_messages_list" time="0.108"><skipped type="pytest.skip" message="messages list endpoint not exposed">/app/backend/tests/baked_api_test.py:156: messages list endpoint not exposed</skipped></testcase><testcase classname="backend.tests.baked_api_test.TestAdminAuthorized" name="test_admin_jobs_list" time="0.050" /></testsuite></testsuites>